<?xml version="1.0" encoding="UTF-8"?>
<!-- Generated by org.testng.reporters.JUnitReportReporter -->
<testsuite hostname="DESKTOP-DSGLPDL" failures="0" tests="1" name="testFlow.Bai5" time="21.909" errors="0" timestamp="2020-04-25T14:44:24 ICT" skipped="0">
  <testcase classname="testFlow.Bai5" name="f" time="21.909"/>
  <system-out/>
</testsuite> <!-- testFlow.Bai5 -->
