<?xml version="1.0" encoding="UTF-8"?>
<!-- Generated by org.testng.reporters.JUnitReportReporter -->
<testsuite hostname="DESKTOP-DSGLPDL" failures="0" tests="1" name="BaiTapSelenium.Bai9" time="15.524" errors="0" timestamp="2020-04-22T10:58:37 ICT" skipped="0">
  <testcase classname="BaiTapSelenium.Bai9" name="f" time="15.524"/>
  <system-out/>
</testsuite> <!-- BaiTapSelenium.Bai9 -->
