<?xml version="1.0" encoding="UTF-8"?>
<!-- Generated by org.testng.reporters.JUnitReportReporter -->
<testsuite hostname="DESKTOP-DSGLPDL" failures="0" tests="1" name="BaiTapSelenium.Bai4" time="14.799" errors="0" timestamp="2020-04-19T10:44:50 ICT" skipped="0">
  <testcase classname="BaiTapSelenium.Bai4" name="f" time="14.799"/>
  <system-out/>
</testsuite> <!-- BaiTapSelenium.Bai4 -->
