<?xml version="1.0" encoding="UTF-8"?>
<!-- Generated by org.testng.reporters.JUnitReportReporter -->
<testsuite hostname="DESKTOP-DSGLPDL" failures="0" tests="1" name="BaiTapSelenium.Bai3" time="12.720" errors="0" timestamp="2020-03-30T23:05:45 ICT" skipped="0">
  <testcase classname="BaiTapSelenium.Bai3" name="f" time="12.720"/>
  <system-out/>
</testsuite> <!-- BaiTapSelenium.Bai3 -->
