<?xml version="1.0" encoding="UTF-8"?>
<!-- Generated by org.testng.reporters.JUnitReportReporter -->
<testsuite hostname="DESKTOP-DSGLPDL" failures="0" tests="1" name="com.seleniumtest.Test1" time="7.866" errors="0" timestamp="2020-04-25T10:32:45 ICT" skipped="0">
  <testcase classname="com.seleniumtest.Test1" name="Ä‘inAndGetText" time="7.866"/>
  <system-out/>
</testsuite> <!-- com.seleniumtest.Test1 -->
