<?xml version="1.0" encoding="UTF-8"?>
<!-- Generated by org.testng.reporters.JUnitReportReporter -->
<testsuite hostname="DESKTOP-DSGLPDL" failures="0" tests="1" name="testFlow.Bai5" time="20.738" errors="0" timestamp="2020-04-25T10:33:44 ICT" skipped="0">
  <testcase classname="testFlow.Bai5" name="f" time="20.738"/>
  <system-out/>
</testsuite> <!-- testFlow.Bai5 -->
