<?xml version="1.0" encoding="UTF-8"?>
<!-- Generated by org.testng.reporters.JUnitReportReporter -->
<testsuite hostname="DESKTOP-DSGLPDL" failures="0" tests="2" name="testFlow.Bai3" time="16.636" errors="0" timestamp="2020-04-25T14:44:24 ICT" skipped="1">
  <testcase classname="testFlow.Bai3" name="f" time="16.636"/>
  <system-out/>
  <testcase classname="testFlow.Bai3" name="f2">
    <skipped/>
  </testcase> <!-- f2 -->
  <system-out/>
</testsuite> <!-- testFlow.Bai3 -->
