<?xml version="1.0" encoding="UTF-8"?>
<!-- Generated by org.testng.reporters.JUnitReportReporter -->
<testsuite hostname="DucAnh" failures="0" tests="1" name="testNG.TestNG" time="15.417" errors="0" timestamp="2020-04-29T15:08:41 ICT" skipped="0">
  <testcase classname="testNG.TestNG" name="bai1" time="15.417"/>
  <system-out/>
</testsuite> <!-- testNG.TestNG -->
