<?xml version="1.0" encoding="UTF-8"?>
<!-- Generated by org.testng.reporters.JUnitReportReporter -->
<testsuite hostname="DESKTOP-DSGLPDL" failures="0" tests="1" name="testFlow.Bai2" time="11.655" errors="0" timestamp="2020-04-23T16:50:24 ICT" skipped="0">
  <testcase classname="testFlow.Bai2" name="f" time="11.655"/>
  <system-out/>
</testsuite> <!-- testFlow.Bai2 -->
