<?xml version="1.0" encoding="UTF-8"?>
<!-- Generated by org.testng.reporters.JUnitReportReporter -->
<testsuite hostname="DESKTOP-DSGLPDL" failures="0" tests="1" name="apitest.Bai4" time="12.907" errors="0" timestamp="2020-04-25T14:44:24 ICT" skipped="0">
  <testcase classname="apitest.Bai4" name="f" time="12.907"/>
  <system-out/>
</testsuite> <!-- apitest.Bai4 -->
