<?xml version="1.0" encoding="UTF-8"?>
<!-- Generated by org.testng.reporters.JUnitReportReporter -->
<testsuite hostname="DESKTOP-DSGLPDL" failures="0" tests="1" name="BaiTapSelenium.Bai11" time="7.436" errors="0" timestamp="2020-04-23T14:27:49 ICT" skipped="0">
  <testcase classname="BaiTapSelenium.Bai11" name="f" time="7.436"/>
  <system-out/>
</testsuite> <!-- BaiTapSelenium.Bai11 -->
