<?xml version="1.0" encoding="UTF-8"?>
<!-- Generated by org.testng.reporters.JUnitReportReporter -->
<testsuite hostname="DESKTOP-DSGLPDL" failures="0" tests="1" name="BaiTapSelenium.Bai5" time="11.029" errors="0" timestamp="2020-04-22T17:00:52 ICT" skipped="0">
  <testcase classname="BaiTapSelenium.Bai5" name="f" time="11.029"/>
  <system-out/>
</testsuite> <!-- BaiTapSelenium.Bai5 -->
