<?xml version="1.0" encoding="UTF-8"?>
<!-- Generated by org.testng.reporters.JUnitReportReporter -->
<testsuite hostname="DESKTOP-DSGLPDL" failures="0" tests="2" name="apitest.Bai8" time="6.591" errors="0" timestamp="2020-04-25T14:44:24 ICT" skipped="1">
  <testcase classname="apitest.Bai8" name="printTokyo" time="6.591"/>
  <system-out/>
  <testcase classname="apitest.Bai8" name="printNewYork">
    <skipped/>
  </testcase> <!-- printNewYork -->
  <system-out/>
</testsuite> <!-- apitest.Bai8 -->
