<?xml version="1.0" encoding="UTF-8"?>
<!-- Generated by org.testng.reporters.JUnitReportReporter -->
<testsuite hostname="DESKTOP-DSGLPDL" failures="0" tests="1" name="BaiTapSelenium.Bai6" time="7.694" errors="0" timestamp="2020-04-21T22:02:37 ICT" skipped="0">
  <testcase classname="BaiTapSelenium.Bai6" name="f2" time="7.694"/>
  <system-out/>
</testsuite> <!-- BaiTapSelenium.Bai6 -->
