<?xml version="1.0" encoding="UTF-8"?>
<!-- Generated by org.testng.reporters.JUnitReportReporter -->
<testsuite hostname="DESKTOP-DSGLPDL" failures="0" tests="1" name="BaiTapSelenium.NewTest" time="14.756" errors="0" timestamp="2020-04-23T16:17:54 ICT" skipped="0">
  <testcase classname="BaiTapSelenium.NewTest" name="f" time="14.756"/>
  <system-out/>
</testsuite> <!-- BaiTapSelenium.NewTest -->
