<?xml version="1.0" encoding="UTF-8"?>
<!-- Generated by org.testng.reporters.JUnitReportReporter -->
<testsuite hostname="DESKTOP-DSGLPDL" failures="0" tests="1" name="testNG.Bai1" time="0.001" errors="0" timestamp="2020-04-25T14:44:24 ICT" skipped="0">
  <testcase classname="testNG.Bai1" name="f" time="0.001"/>
  <system-out/>
</testsuite> <!-- testNG.Bai1 -->
