<?xml version="1.0" encoding="UTF-8"?>
<!-- Generated by org.testng.reporters.JUnitReportReporter -->
<testsuite hostname="DESKTOP-DSGLPDL" failures="0" tests="1" name="BaiTapSelenium.Bai7" time="23.191" errors="0" timestamp="2020-04-21T22:47:26 ICT" skipped="0">
  <testcase classname="BaiTapSelenium.Bai7" name="f" time="23.191"/>
  <system-out/>
</testsuite> <!-- BaiTapSelenium.Bai7 -->
