<?xml version="1.0" encoding="UTF-8"?>
<!-- Generated by org.testng.reporters.JUnitReportReporter -->
<testsuite hostname="DESKTOP-DSGLPDL" failures="0" tests="1" name="BaiTapSelenium.Bai1" time="11.135" errors="0" timestamp="2020-03-30T22:00:40 ICT" skipped="0">
  <testcase classname="BaiTapSelenium.Bai1" name="f" time="11.135"/>
  <system-out/>
</testsuite> <!-- BaiTapSelenium.Bai1 -->
