<?xml version="1.0" encoding="UTF-8"?>
<!-- Generated by org.testng.reporters.JUnitReportReporter -->
<testsuite hostname="DESKTOP-DSGLPDL" failures="0" tests="2" name="BaiTapSelenium.Bai2" time="15.065" errors="0" timestamp="2020-04-18T22:29:22 ICT" skipped="1">
  <testcase classname="BaiTapSelenium.Bai2" name="f" time="15.065"/>
  <system-out/>
  <testcase classname="BaiTapSelenium.Bai2" name="f2">
    <skipped/>
  </testcase> <!-- f2 -->
  <system-out/>
</testsuite> <!-- BaiTapSelenium.Bai2 -->
