<?xml version="1.0" encoding="UTF-8"?>
<!-- Generated by org.testng.reporters.JUnitReportReporter -->
<testsuite hostname="DESKTOP-DSGLPDL" failures="0" tests="1" name="apitest.Bai7" time="15.495" errors="0" timestamp="2020-04-25T14:44:24 ICT" skipped="0">
  <testcase classname="apitest.Bai7" name="f" time="15.495"/>
  <system-out/>
</testsuite> <!-- apitest.Bai7 -->
