<?xml version="1.0" encoding="UTF-8"?>
<!-- Generated by org.testng.reporters.JUnitReportReporter -->
<testsuite hostname="DESKTOP-DSGLPDL" failures="0" tests="1" name="com.seleniumtest.Test2" time="14.535" errors="0" timestamp="2020-03-29T16:27:14 ICT" skipped="0">
  <testcase classname="com.seleniumtest.Test2" name="testCheckBox" time="14.535"/>
  <system-out/>
</testsuite> <!-- com.seleniumtest.Test2 -->
