<?xml version="1.0" encoding="UTF-8"?>
<!-- Generated by org.testng.reporters.JUnitReportReporter -->
<testsuite hostname="DESKTOP-DSGLPDL" failures="0" tests="2" name="BaiTapSelenium.Bai8" time="7.402" errors="0" timestamp="2020-04-22T15:05:23 ICT" skipped="1">
  <testcase classname="BaiTapSelenium.Bai8" name="printTokyo" time="7.402"/>
  <system-out/>
  <testcase classname="BaiTapSelenium.Bai8" name="printNewYork">
    <skipped/>
  </testcase> <!-- printNewYork -->
  <system-out/>
</testsuite> <!-- BaiTapSelenium.Bai8 -->
