<?xml version="1.0" encoding="UTF-8"?>
<!-- Generated by org.testng.reporters.JUnitReportReporter -->
<testsuite hostname="DESKTOP-DSGLPDL" failures="0" tests="1" name="testFlow.Bai2" time="9.965" errors="0" timestamp="2020-04-27T23:17:58 ICT" skipped="0">
  <testcase classname="testFlow.Bai2" name="f" time="9.965"/>
  <system-out/>
</testsuite> <!-- testFlow.Bai2 -->
