<?xml version="1.0" encoding="UTF-8"?>
<!-- Generated by org.testng.reporters.JUnitReportReporter -->
<testsuite hostname="DESKTOP-DSGLPDL" failures="0" tests="2" name="apitest.Bai2" time="19.234" errors="0" timestamp="2020-04-27T23:17:58 ICT" skipped="1">
  <testcase classname="apitest.Bai2" name="bai2" time="19.234"/>
  <system-out/>
  <testcase classname="apitest.Bai2" name="f2">
    <skipped/>
  </testcase> <!-- f2 -->
  <system-out/>
</testsuite> <!-- apitest.Bai2 -->
