<?xml version="1.0" encoding="UTF-8"?>
<!-- Generated by org.testng.reporters.JUnitReportReporter -->
<testsuite hostname="DESKTOP-DSGLPDL" failures="0" tests="1" name="apitest.Bai9" time="8.164" errors="0" timestamp="2020-04-27T23:17:58 ICT" skipped="0">
  <testcase classname="apitest.Bai9" name="f" time="8.164"/>
  <system-out/>
</testsuite> <!-- apitest.Bai9 -->
