<?xml version="1.0" encoding="UTF-8"?>
<!-- Generated by org.testng.reporters.JUnitReportReporter -->
<testsuite hostname="DESKTOP-DSGLPDL" failures="0" tests="1" name="testFlow.Bai1" time="15.065" errors="0" timestamp="2020-04-27T23:17:58 ICT" skipped="0">
  <testcase classname="testFlow.Bai1" name="f" time="15.065"/>
  <system-out/>
</testsuite> <!-- testFlow.Bai1 -->
