<?xml version="1.0" encoding="UTF-8"?>
<!-- Generated by org.testng.reporters.JUnitReportReporter -->
<testsuite hostname="DucAnh" failures="0" tests="12" name="apitest.SeleniumAPI" time="16.136" errors="1" timestamp="2020-04-29T14:37:44 ICT" skipped="11">
  <testcase classname="apitest.SeleniumAPI" name="bai7" time="16.136">
    <error type="java.lang.NullPointerException">
      <![CDATA[java.lang.NullPointerException
at apitest.SeleniumAPI.bai7(SeleniumAPI.java:148)
at java.base/jdk.internal.reflect.NativeMethodAccessorImpl.invoke0(Native Method)
at java.base/jdk.internal.reflect.NativeMethodAccessorImpl.invoke(NativeMethodAccessorImpl.java:62)
at java.base/jdk.internal.reflect.DelegatingMethodAccessorImpl.invoke(DelegatingMethodAccessorImpl.java:43)
at java.base/java.lang.reflect.Method.invoke(Method.java:567)
at org.testng.internal.MethodInvocationHelper.invokeMethod(MethodInvocationHelper.java:134)
at org.testng.internal.TestInvoker.invokeMethod(TestInvoker.java:597)
at org.testng.internal.TestInvoker.invokeTestMethod(TestInvoker.java:173)
at org.testng.internal.MethodRunner.runInSequence(MethodRunner.java:46)
at org.testng.internal.TestInvoker$MethodInvocationAgent.invoke(TestInvoker.java:816)
at org.testng.internal.TestInvoker.invokeTestMethods(TestInvoker.java:146)
at org.testng.internal.TestMethodWorker.invokeTestMethods(TestMethodWorker.java:146)
at org.testng.internal.TestMethodWorker.run(TestMethodWorker.java:128)
at java.base/java.util.ArrayList.forEach(ArrayList.java:1507)
at org.testng.TestRunner.privateRun(TestRunner.java:766)
at org.testng.TestRunner.run(TestRunner.java:587)
at org.testng.SuiteRunner.runTest(SuiteRunner.java:384)
at org.testng.SuiteRunner.runSequentially(SuiteRunner.java:378)
at org.testng.SuiteRunner.privateRun(SuiteRunner.java:337)
at org.testng.SuiteRunner.run(SuiteRunner.java:286)
at org.testng.SuiteRunnerWorker.runSuite(SuiteRunnerWorker.java:53)
at org.testng.SuiteRunnerWorker.run(SuiteRunnerWorker.java:96)
at org.testng.TestNG.runSuitesSequentially(TestNG.java:1187)
at org.testng.TestNG.runSuitesLocally(TestNG.java:1109)
at org.testng.TestNG.runSuites(TestNG.java:1039)
at org.testng.TestNG.run(TestNG.java:1007)
at org.apache.maven.surefire.testng.TestNGExecutor.run(TestNGExecutor.java:283)
at org.apache.maven.surefire.testng.TestNGXmlTestSuite.execute(TestNGXmlTestSuite.java:75)
at org.apache.maven.surefire.testng.TestNGProvider.invoke(TestNGProvider.java:120)
at org.apache.maven.surefire.booter.ForkedBooter.runSuitesInProcess(ForkedBooter.java:377)
at org.apache.maven.surefire.booter.ForkedBooter.execute(ForkedBooter.java:138)
at org.apache.maven.surefire.booter.ForkedBooter.run(ForkedBooter.java:465)
at org.apache.maven.surefire.booter.ForkedBooter.main(ForkedBooter.java:451)
]]>
    </error>
  </testcase> <!-- bai7 -->
  <system-out/>
  <testcase classname="apitest.SeleniumAPI" name="bai10">
    <skipped/>
  </testcase> <!-- bai10 -->
  <system-out/>
  <testcase classname="apitest.SeleniumAPI" name="bai8PrintNewYork">
    <skipped/>
  </testcase> <!-- bai8PrintNewYork -->
  <system-out/>
  <testcase classname="apitest.SeleniumAPI" name="bai8PrintTokyo">
    <skipped/>
  </testcase> <!-- bai8PrintTokyo -->
  <system-out/>
  <testcase classname="apitest.SeleniumAPI" name="bai11">
    <skipped/>
  </testcase> <!-- bai11 -->
  <system-out/>
  <testcase classname="apitest.SeleniumAPI" name="bai1">
    <skipped/>
  </testcase> <!-- bai1 -->
  <system-out/>
  <testcase classname="apitest.SeleniumAPI" name="bai4">
    <skipped/>
  </testcase> <!-- bai4 -->
  <system-out/>
  <testcase classname="apitest.SeleniumAPI" name="bai5">
    <skipped/>
  </testcase> <!-- bai5 -->
  <system-out/>
  <testcase classname="apitest.SeleniumAPI" name="bai2">
    <skipped/>
  </testcase> <!-- bai2 -->
  <system-out/>
  <testcase classname="apitest.SeleniumAPI" name="bai3">
    <skipped/>
  </testcase> <!-- bai3 -->
  <system-out/>
  <testcase classname="apitest.SeleniumAPI" name="bai9">
    <skipped/>
  </testcase> <!-- bai9 -->
  <system-out/>
  <testcase classname="apitest.SeleniumAPI" name="bai6">
    <skipped/>
  </testcase> <!-- bai6 -->
  <system-out/>
</testsuite> <!-- apitest.SeleniumAPI -->
