<?xml version="1.0" encoding="UTF-8"?>
<!-- Generated by org.testng.reporters.JUnitReportReporter -->
<testsuite hostname="DESKTOP-DSGLPDL" failures="0" tests="1" name="testFlow.Bai4" time="28.234" errors="0" timestamp="2020-04-27T23:17:58 ICT" skipped="0">
  <testcase classname="testFlow.Bai4" name="f" time="28.234"/>
  <system-out/>
</testsuite> <!-- testFlow.Bai4 -->
