<?xml version="1.0" encoding="UTF-8"?>
<!-- Generated by org.testng.reporters.JUnitReportReporter -->
<testsuite hostname="DucAnh" failures="0" tests="5" name="testFlow.TestFlow" time="15.682" errors="0" timestamp="2020-04-29T14:37:44 ICT" skipped="4">
  <testcase classname="testFlow.TestFlow" name="bai5" time="15.682"/>
  <system-out/>
  <testcase classname="testFlow.TestFlow" name="bai2">
    <skipped/>
  </testcase> <!-- bai2 -->
  <system-out/>
  <testcase classname="testFlow.TestFlow" name="bai4">
    <skipped/>
  </testcase> <!-- bai4 -->
  <system-out/>
  <testcase classname="testFlow.TestFlow" name="bai1">
    <skipped/>
  </testcase> <!-- bai1 -->
  <system-out/>
  <testcase classname="testFlow.TestFlow" name="bai3">
    <skipped/>
  </testcase> <!-- bai3 -->
  <system-out/>
</testsuite> <!-- testFlow.TestFlow -->
